<?xml version="1.0" encoding="UTF-8"?>
<!-- Generated by org.testng.reporters.JUnitReportReporter -->
<testsuite hostname="DESKTOP-9LF77UV" failures="0" tests="4" name="api.test.UserTest2" time="7.468" errors="0" timestamp="2024-12-08T13:41:36 IST" skipped="0">
  <testcase classname="api.test.UserTest2" name="testPostUser" time="2.937"/>
  <system-out/>
  <testcase classname="api.test.UserTest2" name="testGetUser" time="1.142"/>
  <system-out/>
  <testcase classname="api.test.UserTest2" name="testUpdateUserByName" time="2.273"/>
  <system-out/>
  <testcase classname="api.test.UserTest2" name="testDeleteUser" time="1.116"/>
  <system-out/>
</testsuite> <!-- api.test.UserTest2 -->
